\BOOKMARK [1][-]{section.1}{\376\377\000I\000n\000t\000r\000o\000d\000u\000c\000t\000i\000o\000n}{}% 1
\BOOKMARK [2][-]{subsection.1.1}{\376\377\000R\000e\000l\000a\000t\000e\000d\000\040\000L\000i\000t\000e\000r\000a\000t\000u\000r\000e}{section.1}% 2
\BOOKMARK [1][-]{section.2}{\376\377\000M\000o\000d\000e\000l\000i\000n\000g\000\040\000A\000p\000p\000r\000o\000a\000c\000h}{}% 3
\BOOKMARK [2][-]{subsection.2.1}{\376\377\000O\000b\000j\000e\000c\000t\000i\000v\000e\000\040\000F\000u\000n\000c\000t\000i\000o\000n}{section.2}% 4
\BOOKMARK [3][-]{subsubsection.2.1.1}{\376\377\000N\000e\000t\000\040\000P\000r\000e\000s\000e\000n\000t\000\040\000V\000a\000l\000u\000e\000\040\000C\000a\000l\000c\000u\000l\000a\000t\000i\000o\000n\000s}{subsection.2.1}% 5
\BOOKMARK [3][-]{subsubsection.2.1.2}{\376\377\000E\000m\000i\000s\000s\000i\000o\000n\000s\000\040\000C\000a\000l\000c\000u\000l\000a\000t\000i\000o\000n\000s}{subsection.2.1}% 6
\BOOKMARK [2][-]{subsection.2.2}{\376\377\000D\000a\000t\000a\000\040\000A\000c\000q\000u\000i\000s\000i\000t\000i\000o\000n}{section.2}% 7
\BOOKMARK [3][-]{subsubsection.2.2.1}{\376\377\000C\000l\000i\000m\000a\000t\000e\000\040\000a\000n\000d\000\040\000W\000e\000a\000t\000h\000e\000r\000\040\000D\000a\000t\000a}{subsection.2.2}% 8
\BOOKMARK [3][-]{subsubsection.2.2.2}{\376\377\000M\000a\000r\000k\000e\000t\000\040\000D\000a\000t\000a}{subsection.2.2}% 9
\BOOKMARK [2][-]{subsection.2.3}{\376\377\000R\000e\000n\000e\000w\000a\000b\000l\000e\000\040\000G\000e\000n\000e\000r\000a\000t\000i\000o\000n}{section.2}% 10
\BOOKMARK [3][-]{subsubsection.2.3.1}{\376\377\000P\000h\000o\000t\000o\000v\000o\000l\000t\000a\000i\000c\000\040\000P\000o\000w\000e\000r\000\040\000G\000e\000n\000e\000r\000a\000t\000i\000o\000n}{subsection.2.3}% 11
\BOOKMARK [3][-]{subsubsection.2.3.2}{\376\377\000C\000o\000n\000c\000e\000n\000t\000r\000a\000t\000e\000d\000\040\000S\000o\000l\000a\000r\000\040\000G\000e\000n\000e\000r\000a\000t\000i\000o\000n}{subsection.2.3}% 12
\BOOKMARK [3][-]{subsubsection.2.3.3}{\376\377\000W\000i\000n\000d\000\040\000P\000o\000w\000e\000r\000\040\000G\000e\000n\000e\000r\000a\000t\000i\000o\000n}{subsection.2.3}% 13
\BOOKMARK [2][-]{subsection.2.4}{\376\377\000E\000n\000e\000r\000g\000y\000\040\000S\000t\000o\000r\000a\000g\000e}{section.2}% 14
\BOOKMARK [3][-]{subsubsection.2.4.1}{\376\377\000B\000a\000t\000t\000e\000r\000y\000\040\000S\000t\000o\000r\000a\000g\000e}{subsection.2.4}% 15
\BOOKMARK [3][-]{subsubsection.2.4.2}{\376\377\000T\000h\000e\000r\000m\000a\000l\000\040\000E\000n\000e\000r\000g\000y\000\040\000S\000t\000o\000r\000a\000g\000e}{subsection.2.4}% 16
\BOOKMARK [3][-]{subsubsection.2.4.3}{\376\377\000E\000l\000e\000c\000t\000r\000o\000l\000y\000s\000i\000s\000\040\000a\000n\000d\000\040\000F\000u\000e\000l\000\040\000C\000e\000l\000l\000s}{subsection.2.4}% 17
\BOOKMARK [2][-]{subsection.2.5}{\376\377\000E\000x\000t\000e\000r\000n\000a\000l\000\040\000I\000n\000t\000e\000g\000r\000a\000t\000i\000o\000n}{section.2}% 18
\BOOKMARK [2][-]{subsection.2.6}{\376\377\000F\000i\000n\000a\000l\000\040\000P\000r\000o\000b\000l\000e\000m\000\040\000S\000t\000a\000t\000e\000m\000e\000n\000t}{section.2}% 19
\BOOKMARK [1][-]{section.3}{\376\377\000R\000e\000s\000u\000l\000t\000s}{}% 20
\BOOKMARK [2][-]{subsection.3.1}{\376\377\000S\000e\000n\000s\000i\000t\000i\000v\000i\000t\000y\000\040\000A\000n\000a\000l\000y\000s\000i\000s}{section.3}% 21
\BOOKMARK [2][-]{subsection.3.2}{\376\377\000D\000i\000s\000c\000u\000s\000s\000i\000o\000n}{section.3}% 22
\BOOKMARK [1][-]{section.4}{\376\377\000C\000o\000n\000c\000l\000u\000s\000i\000o\000n\000s}{}% 23
